\BOOKMARK [1][-]{Doc-Start}{Abstract}{}% 1
\BOOKMARK [0][-]{chapter*.4}{Abk\374rzungsverzeichnis}{}% 2
\BOOKMARK [0][-]{section*.5}{Glossar}{}% 3
\BOOKMARK [0][-]{chapter.1}{1 Einleitung}{}% 4
\BOOKMARK [1][-]{section.1.1}{1.1 Relevanz der Blockchain-Technologie}{chapter.1}% 5
\BOOKMARK [1][-]{section.1.2}{1.2 Zielsetzung}{chapter.1}% 6
\BOOKMARK [1][-]{section.1.3}{1.3 Aufbau der Arbeit}{chapter.1}% 7
\BOOKMARK [0][-]{chapter.2}{2 Aufbau und Architektur von Blockchains}{}% 8
\BOOKMARK [1][-]{section.2.1}{2.1 Begriffsdefinition}{chapter.2}% 9
\BOOKMARK [1][-]{section.2.2}{2.2 Crypto-W\344hrungen als digitales Zahlungsmittel}{chapter.2}% 10
\BOOKMARK [1][-]{section.2.3}{2.3 Smarte Vertr\344ge}{chapter.2}% 11
\BOOKMARK [2][-]{subsection.2.3.1}{2.3.1 Begriffsdefinition}{section.2.3}% 12
\BOOKMARK [2][-]{subsection.2.3.2}{2.3.2 Einf\374hrung}{section.2.3}% 13
\BOOKMARK [2][-]{subsection.2.3.3}{2.3.3 Anwendung auf der Blockchain}{section.2.3}% 14
\BOOKMARK [1][-]{section.2.4}{2.4 Entwurf der Blockchain nach Satoshi Nakamoto}{chapter.2}% 15
\BOOKMARK [2][-]{subsection.2.4.1}{2.4.1 Der Header}{section.2.4}% 16
\BOOKMARK [2][-]{subsection.2.4.2}{2.4.2 Transaktionen}{section.2.4}% 17
\BOOKMARK [3][-]{subsubsection.2.4.2.1}{2.4.2.1 Vorgehen}{subsection.2.4.2}% 18
\BOOKMARK [3][-]{subsubsection.2.4.2.2}{2.4.2.2 Transaktionsarten}{subsection.2.4.2}% 19
\BOOKMARK [2][-]{subsection.2.4.3}{2.4.3 Peer-to-peer Netzwerke}{section.2.4}% 20
\BOOKMARK [2][-]{subsection.2.4.4}{2.4.4 Aufbau und L\366sen von Bl\366cken}{section.2.4}% 21
\BOOKMARK [3][-]{subsubsection.2.4.4.1}{2.4.4.1 Mining}{subsection.2.4.4}% 22
\BOOKMARK [3][-]{subsubsection.2.4.4.2}{2.4.4.2 Belohnungen f\374r das Mining}{subsection.2.4.4}% 23
\BOOKMARK [3][-]{subsubsection.2.4.4.3}{2.4.4.3 Duplizierte Chains}{subsection.2.4.4}% 24
\BOOKMARK [2][-]{subsection.2.4.5}{2.4.5 Manipulationssicherheit}{section.2.4}% 25
\BOOKMARK [2][-]{subsection.2.4.6}{2.4.6 Der Einsatz von Merkle-Trees zur effizienten Validierung von Bl\366cken}{section.2.4}% 26
\BOOKMARK [3][-]{subsubsection.2.4.6.1}{2.4.6.1 Berechnung der Merkle-Root}{subsection.2.4.6}% 27
\BOOKMARK [3][-]{subsubsection.2.4.6.2}{2.4.6.2 Simplified Payment Verification durch Merkle-Path}{subsection.2.4.6}% 28
\BOOKMARK [2][-]{subsection.2.4.7}{2.4.7 Mining Pools}{section.2.4}% 29
\BOOKMARK [1][-]{section.2.5}{2.5 Erweiterungen des Bitcoin-Protokolls}{chapter.2}% 30
\BOOKMARK [2][-]{subsection.2.5.1}{2.5.1 Arten von Chains}{section.2.5}% 31
\BOOKMARK [2][-]{subsection.2.5.2}{2.5.2 \334bertragung von Werten zwischen verschiedenen Chains}{section.2.5}% 32
\BOOKMARK [3][-]{subsubsection.2.5.2.1}{2.5.2.1 Gemeinsames Mining}{subsection.2.5.2}% 33
\BOOKMARK [3][-]{subsubsection.2.5.2.2}{2.5.2.2 One-way peg}{subsection.2.5.2}% 34
\BOOKMARK [3][-]{subsubsection.2.5.2.3}{2.5.2.3 Symmetrischer two-way peg}{subsection.2.5.2}% 35
\BOOKMARK [3][-]{subsubsection.2.5.2.4}{2.5.2.4 Asymmetrischer two-way peg}{subsection.2.5.2}% 36
\BOOKMARK [3][-]{subsubsection.2.5.2.5}{2.5.2.5 Atomic Swaps}{subsection.2.5.2}% 37
\BOOKMARK [3][-]{subsubsection.2.5.2.6}{2.5.2.6 Bewertung der Ans\344tze}{subsection.2.5.2}% 38
\BOOKMARK [2][-]{subsection.2.5.3}{2.5.3 \334bertragung von Vertr\344gen auf verschiedenen Chains}{section.2.5}% 39
\BOOKMARK [1][-]{section.2.6}{2.6 Architektur Turing-Vollst\344ndiger Blockchains am Beispiel Ethereum}{chapter.2}% 40
\BOOKMARK [1][-]{section*.46}{2.7 Das Hyperledger Projekt/R3CEV wohl nicht mehr aktuell}{chapter.2}% 41
\BOOKMARK [1][-]{section.2.8}{2.8 Coin-Arten}{chapter.2}% 42
\BOOKMARK [1][-]{section.2.9}{2.9 Blockchain-as-a-Service}{chapter.2}% 43
\BOOKMARK [0][-]{chapter.3}{3 Anwendungsm\366glichkeiten der Blockchain/smarter Vertr\344ge}{}% 44
\BOOKMARK [1][-]{section.3.1}{3.1 Anwendungsm\366glichkeiten}{chapter.3}% 45
\BOOKMARK [2][-]{subsection.3.1.1}{3.1.1 Dezentrale, autonome Organisationen \(DAOs\)}{section.3.1}% 46
\BOOKMARK [3][-]{subsubsection.3.1.1.1}{3.1.1.1 Begriffsbeschreibung}{subsection.3.1.1}% 47
\BOOKMARK [3][-]{subsubsection.3.1.1.2}{3.1.1.2 Rechtliche Grundlagen einer DAO}{subsection.3.1.1}% 48
\BOOKMARK [1][-]{section.3.2}{3.2 Praxisbeispiele}{chapter.3}% 49
\BOOKMARK [2][-]{subsection.3.2.1}{3.2.1 Verkn\374pfung von IOT und Blockchain: slock.it}{section.3.2}% 50
\BOOKMARK [2][-]{subsection.3.2.2}{3.2.2 Hedging \374ber digitales Gold: digix}{section.3.2}% 51
\BOOKMARK [2][-]{subsection.3.2.3}{3.2.3 Dezentralisierte Prognosem\344rkte: Augur}{section.3.2}% 52
\BOOKMARK [2][-]{subsection.3.2.4}{3.2.4 Coins mit gekoppelter Wertentwicklung: Bitshares}{section.3.2}% 53
\BOOKMARK [2][-]{subsection.3.2.5}{3.2.5 smart Property}{section.3.2}% 54
\BOOKMARK [0][-]{chapter.4}{4 \334berpr\374fung der Anwendungsm\366glichkeiten}{}% 55
\BOOKMARK [1][-]{section.4.1}{4.1 Ethereum als BaaS-Plattform}{chapter.4}% 56
\BOOKMARK [2][-]{subsection.4.1.1}{4.1.1 Bewertungskriterien}{section.4.1}% 57
\BOOKMARK [0][-]{chapter.5}{5 Technische Herausforderungen der Blockchain/smarter Vertr\344ge}{}% 58
\BOOKMARK [1][-]{section.5.1}{5.1 Herausforderungen auf Basis von Wallets}{chapter.5}% 59
\BOOKMARK [2][-]{subsection.5.1.1}{5.1.1 Diebstahl von Wallets}{section.5.1}% 60
\BOOKMARK [2][-]{subsection.5.1.2}{5.1.2 Verlust von Wallets}{section.5.1}% 61
\BOOKMARK [1][-]{section.5.2}{5.2 Skalierbarkeit}{chapter.5}% 62
\BOOKMARK [1][-]{section.5.3}{5.3 Fehlende Belohnungen f\374r die Nutzung von Full Nodes}{chapter.5}% 63
\BOOKMARK [1][-]{section.5.4}{5.4 Kompatibilit\344t von Blockchains}{chapter.5}% 64
\BOOKMARK [1][-]{section.5.5}{5.5 Anbindung von Schnittstellen}{chapter.5}% 65
\BOOKMARK [1][-]{section.5.6}{5.6 Light Nodes}{chapter.5}% 66
\BOOKMARK [1][-]{section.5.7}{5.7 Sicherheit}{chapter.5}% 67
\BOOKMARK [2][-]{subsection.5.7.1}{5.7.1 Sybil-Attacke}{section.5.7}% 68
\BOOKMARK [2][-]{subsection.5.7.2}{5.7.2 Selfish-Mining}{section.5.7}% 69
\BOOKMARK [2][-]{subsection.5.7.3}{5.7.3 51\045 Attacke}{section.5.7}% 70
\BOOKMARK [2][-]{subsection.5.7.4}{5.7.4 Notizen}{section.5.7}% 71
\BOOKMARK [1][-]{section.5.8}{5.8 Res\374mee}{chapter.5}% 72
\BOOKMARK [0][-]{chapter.6}{6 Fachliche Herausforderungen der Blockchain/smarter Vertr\344ge}{}% 73
\BOOKMARK [1][-]{section.6.1}{6.1 Dezentralisierte Probleml\366sung/Updates der Blockchain}{chapter.6}% 74
\BOOKMARK [0][-]{chapter.7}{7 L\366sungsans\344tze f\374r derzeitige Hindernisse}{}% 75
\BOOKMARK [1][-]{section.7.1}{7.1 Skalierbarkeit}{chapter.7}% 76
\BOOKMARK [1][-]{section.7.2}{7.2 Bedarf einer regulierenden Instanz}{chapter.7}% 77
\BOOKMARK [1][-]{section.7.3}{7.3 Volatilit\344t}{chapter.7}% 78
\BOOKMARK [1][-]{section.7.4}{7.4 Fehlerhafte \334berweisungen}{chapter.7}% 79
\BOOKMARK [1][-]{section.7.5}{7.5 Anonymit\344t vs Dezentralisierung}{chapter.7}% 80
\BOOKMARK [1][-]{section.7.6}{7.6 G\374ltigkeit programmatischer Vertr\344ge}{chapter.7}% 81
\BOOKMARK [1][-]{section.7.7}{7.7 Mining}{chapter.7}% 82
\BOOKMARK [2][-]{subsection.7.7.1}{7.7.1 Proof-of-Stake}{section.7.7}% 83
\BOOKMARK [2][-]{subsection.7.7.2}{7.7.2 Proof-of-Burn}{section.7.7}% 84
\BOOKMARK [2][-]{subsection.7.7.3}{7.7.3 Proof-of-Reputation}{section.7.7}% 85
\BOOKMARK [0][-]{chapter.8}{8 Abschliessende Betrachtung}{}% 86
\BOOKMARK [1][-]{section.8.1}{8.1 Res\374mee}{chapter.8}% 87
\BOOKMARK [1][-]{section.8.2}{8.2 Ausblick}{chapter.8}% 88
\BOOKMARK [0][-]{chapter*.57}{Literaturverzeichnis}{}% 89
\BOOKMARK [0][-]{appendix.A}{A Anhang}{}% 90
